<?xml version="1.0" encoding="UTF-8"?>
<!-- Generated by org.testng.reporters.JUnitXMLReporter -->
<testsuite hostname="admin-PC" name="silaye" tests="11" failures="1" timestamp="20 Feb 2018 10:40:45 GMT" time="533.58" errors="0">
  <testcase name="login" time="22.783" classname="silayetest.Silaye"/>
  <testcase name="profile" time="453.652" classname="silayetest.Silaye"/>
  <testcase name="addnewstyle1" time="52.37" classname="silayetest.Silaye">
    <failure type="org.openqa.selenium.TimeoutException" message="Timed out after 50 seconds waiting for presence of element located by: By.xpath: /html/body/div[2]/div[2]/div[1]/div/div/div[1]/div[1]/div[2]/a/button
Build info: version: &amp;apos;2.53.0&amp;apos;, revision: &amp;apos;35ae25b&amp;apos;, time: &amp;apos;2016-03-15 17:00:58&amp;apos;
System info: host: &amp;apos;admin-PC&amp;apos;, ip: &amp;apos;192.168.2.114&amp;apos;, os.name: &amp;apos;Windows 7&amp;apos;, os.arch: &amp;apos;amd64&amp;apos;, os.version: &amp;apos;6.1&amp;apos;, java.version: &amp;apos;1.8.0_144&amp;apos;
Driver info: org.openqa.selenium.firefox.FirefoxDriver
Capabilities [{applicationCacheEnabled=true, rotatable=false, handlesAlerts=true, databaseEnabled=true, version=46.0.1, platform=WINDOWS, nativeEvents=false, acceptSslCerts=true, webStorageEnabled=true, locationContextEnabled=true, browserName=firefox, takesScreenshot=true, javascriptEnabled=true, cssSelectorsEnabled=true}]
Session ID: 1674e5a7-d7c8-4542-8082-ac539006c83b">
      <![CDATA[org.openqa.selenium.TimeoutException: Timed out after 50 seconds waiting for presence of element located by: By.xpath: /html/body/div[2]/div[2]/div[1]/div/div/div[1]/div[1]/div[2]/a/button
Build info: version: '2.53.0', revision: '35ae25b', time: '2016-03-15 17:00:58'
System info: host: 'admin-PC', ip: '192.168.2.114', os.name: 'Windows 7', os.arch: 'amd64', os.version: '6.1', java.version: '1.8.0_144'
Driver info: org.openqa.selenium.firefox.FirefoxDriver
Capabilities [{applicationCacheEnabled=true, rotatable=false, handlesAlerts=true, databaseEnabled=true, version=46.0.1, platform=WINDOWS, nativeEvents=false, acceptSslCerts=true, webStorageEnabled=true, locationContextEnabled=true, browserName=firefox, takesScreenshot=true, javascriptEnabled=true, cssSelectorsEnabled=true}]
Session ID: 1674e5a7-d7c8-4542-8082-ac539006c83b
	at org.openqa.selenium.support.ui.WebDriverWait.timeoutException(WebDriverWait.java:80)
	at org.openqa.selenium.support.ui.FluentWait.until(FluentWait.java:261)
	at silayetest.Silaye.addnewstyle1(Silaye.java:349)
Caused by: org.openqa.selenium.NoSuchElementException: Unable to locate element: {"method":"xpath","selector":"/html/body/div[2]/div[2]/div[1]/div/div/div[1]/div[1]/div[2]/a/button"}
Command duration or timeout: 10.13 seconds
For documentation on this error, please visit: http://seleniumhq.org/exceptions/no_such_element.html
Build info: version: '2.53.0', revision: '35ae25b', time: '2016-03-15 17:00:58'
System info: host: 'admin-PC', ip: '192.168.2.114', os.name: 'Windows 7', os.arch: 'amd64', os.version: '6.1', java.version: '1.8.0_144'
Driver info: org.openqa.selenium.firefox.FirefoxDriver
Capabilities [{applicationCacheEnabled=true, rotatable=false, handlesAlerts=true, databaseEnabled=true, version=46.0.1, platform=WINDOWS, nativeEvents=false, acceptSslCerts=true, webStorageEnabled=true, locationContextEnabled=true, browserName=firefox, takesScreenshot=true, javascriptEnabled=true, cssSelectorsEnabled=true}]
Session ID: 1674e5a7-d7c8-4542-8082-ac539006c83b
*** Element info: {Using=xpath, value=/html/body/div[2]/div[2]/div[1]/div/div/div[1]/div[1]/div[2]/a/button}
	at org.openqa.selenium.remote.ErrorHandler.createThrowable(ErrorHandler.java:206)
	at org.openqa.selenium.remote.ErrorHandler.throwIfResponseFailed(ErrorHandler.java:158)
	at org.openqa.selenium.remote.RemoteWebDriver.execute(RemoteWebDriver.java:678)
	at org.openqa.selenium.remote.RemoteWebDriver.findElement(RemoteWebDriver.java:363)
	at org.openqa.selenium.remote.RemoteWebDriver.findElementByXPath(RemoteWebDriver.java:500)
	at org.openqa.selenium.By$ByXPath.findElement(By.java:361)
	at org.openqa.selenium.remote.RemoteWebDriver.findElement(RemoteWebDriver.java:355)
	at org.openqa.selenium.support.ui.ExpectedConditions.findElement(ExpectedConditions.java:899)
	at org.openqa.selenium.support.ui.ExpectedConditions.access$0(ExpectedConditions.java:897)
	at org.openqa.selenium.support.ui.ExpectedConditions$6.apply(ExpectedConditions.java:181)
	at org.openqa.selenium.support.ui.ExpectedConditions$6.apply(ExpectedConditions.java:1)
	at org.openqa.selenium.support.ui.FluentWait.until(FluentWait.java:238)
	... 25 more
Caused by: org.openqa.selenium.NoSuchElementException: Unable to locate element: {"method":"xpath","selector":"/html/body/div[2]/div[2]/div[1]/div/div/div[1]/div[1]/div[2]/a/button"}
For documentation on this error, please visit: http://seleniumhq.org/exceptions/no_such_element.html
Build info: version: '2.53.0', revision: '35ae25b', time: '2016-03-15 17:00:58'
System info: host: 'admin-PC', ip: '192.168.2.114', os.name: 'Windows 7', os.arch: 'amd64', os.version: '6.1', java.version: '1.8.0_144'
Driver info: driver.version: unknown
	at <anonymous class>.FirefoxDriver.prototype.findElementInternal_(file:///C:/Users/admin/AppData/Local/Temp/anonymous3149842377094296262webdriver-profile/extensions/fxdriver@googlecode.com/components/driver-component.js:10770)
	at <anonymous class>.fxdriver.Timer.prototype.setTimeout/<.notify(file:///C:/Users/admin/AppData/Local/Temp/anonymous3149842377094296262webdriver-profile/extensions/fxdriver@googlecode.com/components/driver-component.js:625)
... Removed 28 stack frames]]>
    </failure>
  </testcase> <!-- addnewstyle1 -->
  <testcase name="techpacks" time="0.0" classname="silayetest.Silaye">
    <skipped/>
  </testcase> <!-- techpacks -->
  <testcase name="addnewstyle2" time="0.0" classname="silayetest.Silaye">
    <skipped/>
  </testcase> <!-- addnewstyle2 -->
  <testcase name="subscription_1" time="0.0" classname="silayetest.Silaye">
    <skipped/>
  </testcase> <!-- subscription_1 -->
  <testcase name="team_members" time="0.0" classname="silayetest.Silaye">
    <skipped/>
  </testcase> <!-- team_members -->
  <testcase name="techpacks_1" time="0.0" classname="silayetest.Silaye">
    <skipped/>
  </testcase> <!-- techpacks_1 -->
  <testcase name="Buy_option" time="0.0" classname="silayetest.Silaye">
    <skipped/>
  </testcase> <!-- Buy_option -->
  <testcase name="addnewstyle3" time="0.0" classname="silayetest.Silaye">
    <skipped/>
  </testcase> <!-- addnewstyle3 -->
  <testcase name="subscription_2" time="0.0" classname="silayetest.Silaye">
    <skipped/>
  </testcase> <!-- subscription_2 -->
</testsuite> <!-- silaye -->
