<!DOCTYPE html PUBLIC "-//W3C//DTD XHTML 1.1//EN" "http://www.w3.org/TR/xhtml11/DTD/xhtml11.dtd">
<html xmlns="http://www.w3.org/1999/xhtml"><head><title>TestNG Report</title><style type="text/css">table {margin-bottom:10px;border-collapse:collapse;empty-cells:show}th,td {border:1px solid #009;padding:.25em .5em}th {vertical-align:bottom}td {vertical-align:top}table a {font-weight:bold}.stripe td {background-color: #E6EBF9}.num {text-align:right}.passedodd td {background-color: #3F3}.passedeven td {background-color: #0A0}.skippedodd td {background-color: #DDD}.skippedeven td {background-color: #CCC}.failedodd td,.attn {background-color: #F33}.failedeven td,.stripe .attn {background-color: #D00}.stacktrace {white-space:pre;font-family:monospace}.totop {font-size:85%;text-align:center;border-bottom:2px solid #000}</style></head><body><table><tr><th>Test</th><th># Passed</th><th># Skipped</th><th># Failed</th><th>Time (ms)</th><th>Included Groups</th><th>Excluded Groups</th></tr><tr><th colspan="7">Mozilla suite</th></tr><tr><td><a href="#t0">silaye</a></td><td class="num">2</td><td class="num attn">8</td><td class="num attn">1</td><td class="num">533,580</td><td></td><td></td></tr></table><table><thead><tr><th>Class</th><th>Method</th><th>Start</th><th>Time (ms)</th></tr></thead><tbody><tr><th colspan="4">Mozilla suite</th></tr></tbody><tbody id="t0"><tr><th colspan="4">silaye &#8212; failed</th></tr><tr class="failedeven"><td rowspan="1">silayetest.Silaye</td><td><a href="#m0">addnewstyle1</a></td><td rowspan="1">1519123192973</td><td rowspan="1">52370</td></tr><tr><th colspan="4">silaye &#8212; skipped</th></tr><tr class="skippedeven"><td rowspan="8">silayetest.Silaye</td><td><a href="#m1">Buy_option</a></td><td rowspan="1">1519123245383</td><td rowspan="1">0</td></tr><tr class="skippedeven"><td><a href="#m2">addnewstyle2</a></td><td rowspan="1">1519123245373</td><td rowspan="1">0</td></tr><tr class="skippedeven"><td><a href="#m3">addnewstyle3</a></td><td rowspan="1">1519123245383</td><td rowspan="1">0</td></tr><tr class="skippedeven"><td><a href="#m4">subscription_1</a></td><td rowspan="1">1519123245383</td><td rowspan="1">0</td></tr><tr class="skippedeven"><td><a href="#m5">subscription_2</a></td><td rowspan="1">1519123245383</td><td rowspan="1">0</td></tr><tr class="skippedeven"><td><a href="#m6">team_members</a></td><td rowspan="1">1519123245383</td><td rowspan="1">0</td></tr><tr class="skippedeven"><td><a href="#m7">techpacks</a></td><td rowspan="1">1519123245373</td><td rowspan="1">0</td></tr><tr class="skippedeven"><td><a href="#m8">techpacks_1</a></td><td rowspan="1">1519123245383</td><td rowspan="1">0</td></tr><tr><th colspan="4">silaye &#8212; passed</th></tr><tr class="passedeven"><td rowspan="2">silayetest.Silaye</td><td><a href="#m9">login</a></td><td rowspan="1">1519122716538</td><td rowspan="1">22783</td></tr><tr class="passedeven"><td><a href="#m10">profile</a></td><td rowspan="1">1519122739321</td><td rowspan="1">453652</td></tr></tbody></table><h2>silaye</h2><h3 id="m0">silayetest.Silaye#addnewstyle1</h3><table class="result"><tr><th>Exception</th></tr><tr><td><div class="stacktrace">org.openqa.selenium.TimeoutException: Timed out after 50 seconds waiting for presence of element located by: By.xpath: /html/body/div[2]/div[2]/div[1]/div/div/div[1]/div[1]/div[2]/a/button
Build info: version: &apos;2.53.0&apos;, revision: &apos;35ae25b&apos;, time: &apos;2016-03-15 17:00:58&apos;
System info: host: &apos;admin-PC&apos;, ip: &apos;192.168.2.114&apos;, os.name: &apos;Windows 7&apos;, os.arch: &apos;amd64&apos;, os.version: &apos;6.1&apos;, java.version: &apos;1.8.0_144&apos;
Driver info: org.openqa.selenium.firefox.FirefoxDriver
Capabilities [{applicationCacheEnabled=true, rotatable=false, handlesAlerts=true, databaseEnabled=true, version=46.0.1, platform=WINDOWS, nativeEvents=false, acceptSslCerts=true, webStorageEnabled=true, locationContextEnabled=true, browserName=firefox, takesScreenshot=true, javascriptEnabled=true, cssSelectorsEnabled=true}]
Session ID: 1674e5a7-d7c8-4542-8082-ac539006c83b
	at org.openqa.selenium.support.ui.WebDriverWait.timeoutException(WebDriverWait.java:80)
	at org.openqa.selenium.support.ui.FluentWait.until(FluentWait.java:261)
	at silayetest.Silaye.addnewstyle1(Silaye.java:349)
Caused by: org.openqa.selenium.NoSuchElementException: Unable to locate element: {&quot;method&quot;:&quot;xpath&quot;,&quot;selector&quot;:&quot;/html/body/div[2]/div[2]/div[1]/div/div/div[1]/div[1]/div[2]/a/button&quot;}
Command duration or timeout: 10.13 seconds
For documentation on this error, please visit: http://seleniumhq.org/exceptions/no_such_element.html
Build info: version: &apos;2.53.0&apos;, revision: &apos;35ae25b&apos;, time: &apos;2016-03-15 17:00:58&apos;
System info: host: &apos;admin-PC&apos;, ip: &apos;192.168.2.114&apos;, os.name: &apos;Windows 7&apos;, os.arch: &apos;amd64&apos;, os.version: &apos;6.1&apos;, java.version: &apos;1.8.0_144&apos;
Driver info: org.openqa.selenium.firefox.FirefoxDriver
Capabilities [{applicationCacheEnabled=true, rotatable=false, handlesAlerts=true, databaseEnabled=true, version=46.0.1, platform=WINDOWS, nativeEvents=false, acceptSslCerts=true, webStorageEnabled=true, locationContextEnabled=true, browserName=firefox, takesScreenshot=true, javascriptEnabled=true, cssSelectorsEnabled=true}]
Session ID: 1674e5a7-d7c8-4542-8082-ac539006c83b
*** Element info: {Using=xpath, value=/html/body/div[2]/div[2]/div[1]/div/div/div[1]/div[1]/div[2]/a/button}
	at org.openqa.selenium.remote.ErrorHandler.createThrowable(ErrorHandler.java:206)
	at org.openqa.selenium.remote.ErrorHandler.throwIfResponseFailed(ErrorHandler.java:158)
	at org.openqa.selenium.remote.RemoteWebDriver.execute(RemoteWebDriver.java:678)
	at org.openqa.selenium.remote.RemoteWebDriver.findElement(RemoteWebDriver.java:363)
	at org.openqa.selenium.remote.RemoteWebDriver.findElementByXPath(RemoteWebDriver.java:500)
	at org.openqa.selenium.By$ByXPath.findElement(By.java:361)
	at org.openqa.selenium.remote.RemoteWebDriver.findElement(RemoteWebDriver.java:355)
	at org.openqa.selenium.support.ui.ExpectedConditions.findElement(ExpectedConditions.java:899)
	at org.openqa.selenium.support.ui.ExpectedConditions.access$0(ExpectedConditions.java:897)
	at org.openqa.selenium.support.ui.ExpectedConditions$6.apply(ExpectedConditions.java:181)
	at org.openqa.selenium.support.ui.ExpectedConditions$6.apply(ExpectedConditions.java:1)
	at org.openqa.selenium.support.ui.FluentWait.until(FluentWait.java:238)
	... 25 more
Caused by: org.openqa.selenium.NoSuchElementException: Unable to locate element: {&quot;method&quot;:&quot;xpath&quot;,&quot;selector&quot;:&quot;/html/body/div[2]/div[2]/div[1]/div/div/div[1]/div[1]/div[2]/a/button&quot;}
For documentation on this error, please visit: http://seleniumhq.org/exceptions/no_such_element.html
Build info: version: &apos;2.53.0&apos;, revision: &apos;35ae25b&apos;, time: &apos;2016-03-15 17:00:58&apos;
System info: host: &apos;admin-PC&apos;, ip: &apos;192.168.2.114&apos;, os.name: &apos;Windows 7&apos;, os.arch: &apos;amd64&apos;, os.version: &apos;6.1&apos;, java.version: &apos;1.8.0_144&apos;
Driver info: driver.version: unknown
	at &lt;anonymous class&gt;.FirefoxDriver.prototype.findElementInternal_(file:///C:/Users/admin/AppData/Local/Temp/anonymous3149842377094296262webdriver-profile/extensions/fxdriver@googlecode.com/components/driver-component.js:10770)
	at &lt;anonymous class&gt;.fxdriver.Timer.prototype.setTimeout/&lt;.notify(file:///C:/Users/admin/AppData/Local/Temp/anonymous3149842377094296262webdriver-profile/extensions/fxdriver@googlecode.com/components/driver-component.js:625)
... Removed 28 stack frames</div></td></tr></table><p class="totop"><a href="#summary">back to summary</a></p><h3 id="m1">silayetest.Silaye#Buy_option</h3><table class="result"><tr><th>Exception</th></tr><tr><td><div class="stacktrace">java.lang.Throwable: Method Silaye.Buy_option()[pri:0, instance:silayetest.Silaye@544fe44c] depends on not successfully finished methods
... Removed 17 stack frames</div></td></tr></table><p class="totop"><a href="#summary">back to summary</a></p><h3 id="m2">silayetest.Silaye#addnewstyle2</h3><table class="result"><tr><th>Exception</th></tr><tr><td><div class="stacktrace">java.lang.Throwable: Method Silaye.addnewstyle2()[pri:0, instance:silayetest.Silaye@544fe44c] depends on not successfully finished methods
... Removed 17 stack frames</div></td></tr></table><p class="totop"><a href="#summary">back to summary</a></p><h3 id="m3">silayetest.Silaye#addnewstyle3</h3><table class="result"><tr><th>Exception</th></tr><tr><td><div class="stacktrace">java.lang.Throwable: Method Silaye.addnewstyle3()[pri:0, instance:silayetest.Silaye@544fe44c] depends on not successfully finished methods
... Removed 17 stack frames</div></td></tr></table><p class="totop"><a href="#summary">back to summary</a></p><h3 id="m4">silayetest.Silaye#subscription_1</h3><table class="result"><tr><th>Exception</th></tr><tr><td><div class="stacktrace">java.lang.Throwable: Method Silaye.subscription_1()[pri:0, instance:silayetest.Silaye@544fe44c] depends on not successfully finished methods
... Removed 17 stack frames</div></td></tr></table><p class="totop"><a href="#summary">back to summary</a></p><h3 id="m5">silayetest.Silaye#subscription_2</h3><table class="result"><tr><th>Exception</th></tr><tr><td><div class="stacktrace">java.lang.Throwable: Method Silaye.subscription_2()[pri:0, instance:silayetest.Silaye@544fe44c] depends on not successfully finished methods
... Removed 17 stack frames</div></td></tr></table><p class="totop"><a href="#summary">back to summary</a></p><h3 id="m6">silayetest.Silaye#team_members</h3><table class="result"><tr><th>Exception</th></tr><tr><td><div class="stacktrace">java.lang.Throwable: Method Silaye.team_members()[pri:0, instance:silayetest.Silaye@544fe44c] depends on not successfully finished methods
... Removed 17 stack frames</div></td></tr></table><p class="totop"><a href="#summary">back to summary</a></p><h3 id="m7">silayetest.Silaye#techpacks</h3><table class="result"><tr><th>Exception</th></tr><tr><td><div class="stacktrace">java.lang.Throwable: Method Silaye.techpacks()[pri:0, instance:silayetest.Silaye@544fe44c] depends on not successfully finished methods
... Removed 17 stack frames</div></td></tr></table><p class="totop"><a href="#summary">back to summary</a></p><h3 id="m8">silayetest.Silaye#techpacks_1</h3><table class="result"><tr><th>Exception</th></tr><tr><td><div class="stacktrace">java.lang.Throwable: Method Silaye.techpacks_1()[pri:0, instance:silayetest.Silaye@544fe44c] depends on not successfully finished methods
... Removed 17 stack frames</div></td></tr></table><p class="totop"><a href="#summary">back to summary</a></p><h3 id="m9">silayetest.Silaye#login</h3><table class="result"></table><p class="totop"><a href="#summary">back to summary</a></p><h3 id="m10">silayetest.Silaye#profile</h3><table class="result"></table><p class="totop"><a href="#summary">back to summary</a></p></body></html>